CRITICAL - 2023-06-02 02:39:31 --> Undefined variable $content
#0 C:\xampp\htdocs\Pemograman_web2\Lab9_php_ci\ci4\app\Views\contact.php(5): CodeIgniter\Debug\Exceptions->errorHandler(2, 'Undefined varia...', 'C:\\xampp\\htdocs...', 5)
#1 C:\xampp\htdocs\Pemograman_web2\Lab9_php_ci\ci4\system\View\View.php(210): include('C:\\xampp\\htdocs...')
#2 C:\xampp\htdocs\Pemograman_web2\Lab9_php_ci\ci4\system\View\View.php(213): CodeIgniter\View\View->CodeIgniter\View\{closure}()
#3 C:\xampp\htdocs\Pemograman_web2\Lab9_php_ci\ci4\system\Common.php(1089): CodeIgniter\View\View->render('contact', Array, true)
#4 C:\xampp\htdocs\Pemograman_web2\Lab9_php_ci\ci4\app\Controllers\page.php(15): view('contact', Array)
#5 C:\xampp\htdocs\Pemograman_web2\Lab9_php_ci\ci4\system\CodeIgniter.php(832): App\Controllers\Page->contact()
#6 C:\xampp\htdocs\Pemograman_web2\Lab9_php_ci\ci4\system\CodeIgniter.php(419): CodeIgniter\CodeIgniter->runController(Object(App\Controllers\Page))
#7 C:\xampp\htdocs\Pemograman_web2\Lab9_php_ci\ci4\system\CodeIgniter.php(326): CodeIgniter\CodeIgniter->handleRequest(NULL, Object(Config\Cache), false)
#8 C:\xampp\htdocs\Pemograman_web2\Lab9_php_ci\ci4\public\index.php(37): CodeIgniter\CodeIgniter->run()
#9 C:\xampp\htdocs\Pemograman_web2\Lab9_php_ci\ci4\system\Commands\Server\rewrite.php(43): require_once('C:\\xampp\\htdocs...')
#10 {main}
ERROR - 2023-06-02 02:48:23 --> Error connecting to the database: No connection could be made because the target machine actively refused it
CRITICAL - 2023-06-02 02:48:23 --> Unable to connect to the database.
Main connection [MySQLi]: No connection could be made because the target machine actively refused it
#0 C:\xampp\htdocs\Pemograman_web2\Lab9_php_ci\ci4\system\Database\BaseConnection.php(577): CodeIgniter\Database\BaseConnection->initialize()
#1 C:\xampp\htdocs\Pemograman_web2\Lab9_php_ci\ci4\system\Database\BaseBuilder.php(1455): CodeIgniter\Database\BaseConnection->query('SELECT *\nFROM `...', Array, false)
#2 C:\xampp\htdocs\Pemograman_web2\Lab9_php_ci\ci4\system\Model.php(183): CodeIgniter\Database\BaseBuilder->get()
#3 C:\xampp\htdocs\Pemograman_web2\Lab9_php_ci\ci4\system\BaseModel.php(584): CodeIgniter\Model->doFindAll(0, 0)
#4 C:\xampp\htdocs\Pemograman_web2\Lab9_php_ci\ci4\app\Controllers\Artikel.php(10): CodeIgniter\BaseModel->findAll()
#5 C:\xampp\htdocs\Pemograman_web2\Lab9_php_ci\ci4\system\CodeIgniter.php(832): App\Controllers\Artikel->index()
#6 C:\xampp\htdocs\Pemograman_web2\Lab9_php_ci\ci4\system\CodeIgniter.php(419): CodeIgniter\CodeIgniter->runController(Object(App\Controllers\Artikel))
#7 C:\xampp\htdocs\Pemograman_web2\Lab9_php_ci\ci4\system\CodeIgniter.php(326): CodeIgniter\CodeIgniter->handleRequest(NULL, Object(Config\Cache), false)
#8 C:\xampp\htdocs\Pemograman_web2\Lab9_php_ci\ci4\public\index.php(37): CodeIgniter\CodeIgniter->run()
#9 C:\xampp\htdocs\Pemograman_web2\Lab9_php_ci\ci4\system\Commands\Server\rewrite.php(43): require_once('C:\\xampp\\htdocs...')
#10 {main}
ERROR - 2023-06-02 02:48:31 --> Error connecting to the database: No connection could be made because the target machine actively refused it
CRITICAL - 2023-06-02 02:48:31 --> Unable to connect to the database.
Main connection [MySQLi]: No connection could be made because the target machine actively refused it
#0 C:\xampp\htdocs\Pemograman_web2\Lab9_php_ci\ci4\system\Database\BaseConnection.php(577): CodeIgniter\Database\BaseConnection->initialize()
#1 C:\xampp\htdocs\Pemograman_web2\Lab9_php_ci\ci4\system\Database\BaseBuilder.php(1539): CodeIgniter\Database\BaseConnection->query('SELECT COUNT(*)...', Array, false)
#2 C:\xampp\htdocs\Pemograman_web2\Lab9_php_ci\ci4\system\Model.php(509): CodeIgniter\Database\BaseBuilder->countAllResults(false)
#3 C:\xampp\htdocs\Pemograman_web2\Lab9_php_ci\ci4\system\BaseModel.php(1084): CodeIgniter\Model->countAllResults(false)
#4 C:\xampp\htdocs\Pemograman_web2\Lab9_php_ci\ci4\app\Controllers\Artikel.php(36): CodeIgniter\BaseModel->paginate(4, 'bootstrap')
#5 C:\xampp\htdocs\Pemograman_web2\Lab9_php_ci\ci4\system\CodeIgniter.php(832): App\Controllers\Artikel->admin_index()
#6 C:\xampp\htdocs\Pemograman_web2\Lab9_php_ci\ci4\system\CodeIgniter.php(419): CodeIgniter\CodeIgniter->runController(Object(App\Controllers\Artikel))
#7 C:\xampp\htdocs\Pemograman_web2\Lab9_php_ci\ci4\system\CodeIgniter.php(326): CodeIgniter\CodeIgniter->handleRequest(NULL, Object(Config\Cache), false)
#8 C:\xampp\htdocs\Pemograman_web2\Lab9_php_ci\ci4\public\index.php(37): CodeIgniter\CodeIgniter->run()
#9 C:\xampp\htdocs\Pemograman_web2\Lab9_php_ci\ci4\system\Commands\Server\rewrite.php(43): require_once('C:\\xampp\\htdocs...')
#10 {main}
ERROR - 2023-06-02 02:48:41 --> Error connecting to the database: No connection could be made because the target machine actively refused it
CRITICAL - 2023-06-02 02:48:41 --> Unable to connect to the database.
Main connection [MySQLi]: No connection could be made because the target machine actively refused it
#0 C:\xampp\htdocs\Pemograman_web2\Lab9_php_ci\ci4\system\Database\BaseConnection.php(577): CodeIgniter\Database\BaseConnection->initialize()
#1 C:\xampp\htdocs\Pemograman_web2\Lab9_php_ci\ci4\system\Database\BaseBuilder.php(1455): CodeIgniter\Database\BaseConnection->query('SELECT *\nFROM `...', Array, false)
#2 C:\xampp\htdocs\Pemograman_web2\Lab9_php_ci\ci4\system\Model.php(183): CodeIgniter\Database\BaseBuilder->get()
#3 C:\xampp\htdocs\Pemograman_web2\Lab9_php_ci\ci4\system\BaseModel.php(584): CodeIgniter\Model->doFindAll(0, 0)
#4 C:\xampp\htdocs\Pemograman_web2\Lab9_php_ci\ci4\app\Controllers\Artikel.php(10): CodeIgniter\BaseModel->findAll()
#5 C:\xampp\htdocs\Pemograman_web2\Lab9_php_ci\ci4\system\CodeIgniter.php(832): App\Controllers\Artikel->index()
#6 C:\xampp\htdocs\Pemograman_web2\Lab9_php_ci\ci4\system\CodeIgniter.php(419): CodeIgniter\CodeIgniter->runController(Object(App\Controllers\Artikel))
#7 C:\xampp\htdocs\Pemograman_web2\Lab9_php_ci\ci4\system\CodeIgniter.php(326): CodeIgniter\CodeIgniter->handleRequest(NULL, Object(Config\Cache), false)
#8 C:\xampp\htdocs\Pemograman_web2\Lab9_php_ci\ci4\public\index.php(37): CodeIgniter\CodeIgniter->run()
#9 C:\xampp\htdocs\Pemograman_web2\Lab9_php_ci\ci4\system\Commands\Server\rewrite.php(43): require_once('C:\\xampp\\htdocs...')
#10 {main}
ERROR - 2023-06-02 02:50:16 --> Error connecting to the database: No connection could be made because the target machine actively refused it
CRITICAL - 2023-06-02 02:50:16 --> Unable to connect to the database.
Main connection [MySQLi]: No connection could be made because the target machine actively refused it
#0 C:\xampp\htdocs\Pemograman_web2\Lab9_php_ci\ci4\system\Database\BaseConnection.php(577): CodeIgniter\Database\BaseConnection->initialize()
#1 C:\xampp\htdocs\Pemograman_web2\Lab9_php_ci\ci4\system\Database\BaseBuilder.php(1455): CodeIgniter\Database\BaseConnection->query('SELECT *\nFROM `...', Array, false)
#2 C:\xampp\htdocs\Pemograman_web2\Lab9_php_ci\ci4\system\Model.php(183): CodeIgniter\Database\BaseBuilder->get()
#3 C:\xampp\htdocs\Pemograman_web2\Lab9_php_ci\ci4\system\BaseModel.php(584): CodeIgniter\Model->doFindAll(0, 0)
#4 C:\xampp\htdocs\Pemograman_web2\Lab9_php_ci\ci4\app\Controllers\Artikel.php(10): CodeIgniter\BaseModel->findAll()
#5 C:\xampp\htdocs\Pemograman_web2\Lab9_php_ci\ci4\system\CodeIgniter.php(832): App\Controllers\Artikel->index()
#6 C:\xampp\htdocs\Pemograman_web2\Lab9_php_ci\ci4\system\CodeIgniter.php(419): CodeIgniter\CodeIgniter->runController(Object(App\Controllers\Artikel))
#7 C:\xampp\htdocs\Pemograman_web2\Lab9_php_ci\ci4\system\CodeIgniter.php(326): CodeIgniter\CodeIgniter->handleRequest(NULL, Object(Config\Cache), false)
#8 C:\xampp\htdocs\Pemograman_web2\Lab9_php_ci\ci4\public\index.php(37): CodeIgniter\CodeIgniter->run()
#9 C:\xampp\htdocs\Pemograman_web2\Lab9_php_ci\ci4\system\Commands\Server\rewrite.php(43): require_once('C:\\xampp\\htdocs...')
#10 {main}
CRITICAL - 2023-06-02 03:01:40 --> Undefined variable $content
#0 C:\xampp\htdocs\Pemograman_web2\Lab9_php_ci\ci4\app\Views\contact.php(5): CodeIgniter\Debug\Exceptions->errorHandler(2, 'Undefined varia...', 'C:\\xampp\\htdocs...', 5)
#1 C:\xampp\htdocs\Pemograman_web2\Lab9_php_ci\ci4\system\View\View.php(210): include('C:\\xampp\\htdocs...')
#2 C:\xampp\htdocs\Pemograman_web2\Lab9_php_ci\ci4\system\View\View.php(213): CodeIgniter\View\View->CodeIgniter\View\{closure}()
#3 C:\xampp\htdocs\Pemograman_web2\Lab9_php_ci\ci4\system\Common.php(1089): CodeIgniter\View\View->render('contact', Array, true)
#4 C:\xampp\htdocs\Pemograman_web2\Lab9_php_ci\ci4\app\Controllers\page.php(15): view('contact', Array)
#5 C:\xampp\htdocs\Pemograman_web2\Lab9_php_ci\ci4\system\CodeIgniter.php(832): App\Controllers\Page->contact()
#6 C:\xampp\htdocs\Pemograman_web2\Lab9_php_ci\ci4\system\CodeIgniter.php(419): CodeIgniter\CodeIgniter->runController(Object(App\Controllers\Page))
#7 C:\xampp\htdocs\Pemograman_web2\Lab9_php_ci\ci4\system\CodeIgniter.php(326): CodeIgniter\CodeIgniter->handleRequest(NULL, Object(Config\Cache), false)
#8 C:\xampp\htdocs\Pemograman_web2\Lab9_php_ci\ci4\public\index.php(37): CodeIgniter\CodeIgniter->run()
#9 C:\xampp\htdocs\Pemograman_web2\Lab9_php_ci\ci4\system\Commands\Server\rewrite.php(43): require_once('C:\\xampp\\htdocs...')
#10 {main}
