CRITICAL - 2023-05-22 02:48:06 --> Invalid file: "tamplate/header.php"
in SYSTEMPATH\Exceptions\FrameworkException.php on line 33.
 1 SYSTEMPATH\View\View.php(201): CodeIgniter\Exceptions\FrameworkException::forInvalidFile('tamplate/header.php')
 2 SYSTEMPATH\View\View.php(431): CodeIgniter\View\View->render('tamplate/header', null, true)
 3 APPPATH\Views\about.php(1): CodeIgniter\View\View->include('tamplate/header')
 4 SYSTEMPATH\View\View.php(213): include('C:\\xampp\\htdocs\\Pemograman_web2\\lab11_php_ci\\ci4\\app\\Views\\about.php')
 5 SYSTEMPATH\View\View.php(216): CodeIgniter\View\View->CodeIgniter\View\{closure}()
 6 SYSTEMPATH\Common.php(1184): CodeIgniter\View\View->render('about', [], true)
 7 APPPATH\Controllers\Page.php(10): view('about', [...])
 8 SYSTEMPATH\CodeIgniter.php(934): App\Controllers\Page->about()
 9 SYSTEMPATH\CodeIgniter.php(499): CodeIgniter\CodeIgniter->runController(Object(App\Controllers\Page))
10 SYSTEMPATH\CodeIgniter.php(368): CodeIgniter\CodeIgniter->handleRequest(null, Object(Config\Cache), false)
11 FCPATH\index.php(67): CodeIgniter\CodeIgniter->run()
12 SYSTEMPATH\Commands\Server\rewrite.php(47): require_once('C:\\xampp\\htdocs\\Pemograman_web2\\lab11_php_ci\\ci4\\public\\index.php')
CRITICAL - 2023-05-22 02:48:13 --> Invalid file: "tamplate/header.php"
in SYSTEMPATH\Exceptions\FrameworkException.php on line 33.
 1 SYSTEMPATH\View\View.php(201): CodeIgniter\Exceptions\FrameworkException::forInvalidFile('tamplate/header.php')
 2 SYSTEMPATH\View\View.php(431): CodeIgniter\View\View->render('tamplate/header', null, true)
 3 APPPATH\Views\about.php(1): CodeIgniter\View\View->include('tamplate/header')
 4 SYSTEMPATH\View\View.php(213): include('C:\\xampp\\htdocs\\Pemograman_web2\\lab11_php_ci\\ci4\\app\\Views\\about.php')
 5 SYSTEMPATH\View\View.php(216): CodeIgniter\View\View->CodeIgniter\View\{closure}()
 6 SYSTEMPATH\Common.php(1184): CodeIgniter\View\View->render('about', [], true)
 7 APPPATH\Controllers\Page.php(10): view('about', [...])
 8 SYSTEMPATH\CodeIgniter.php(934): App\Controllers\Page->about()
 9 SYSTEMPATH\CodeIgniter.php(499): CodeIgniter\CodeIgniter->runController(Object(App\Controllers\Page))
10 SYSTEMPATH\CodeIgniter.php(368): CodeIgniter\CodeIgniter->handleRequest(null, Object(Config\Cache), false)
11 FCPATH\index.php(67): CodeIgniter\CodeIgniter->run()
12 SYSTEMPATH\Commands\Server\rewrite.php(47): require_once('C:\\xampp\\htdocs\\Pemograman_web2\\lab11_php_ci\\ci4\\public\\index.php')
CRITICAL - 2023-05-22 02:48:15 --> Invalid file: "tamplate/header.php"
in SYSTEMPATH\Exceptions\FrameworkException.php on line 33.
 1 SYSTEMPATH\View\View.php(201): CodeIgniter\Exceptions\FrameworkException::forInvalidFile('tamplate/header.php')
 2 SYSTEMPATH\View\View.php(431): CodeIgniter\View\View->render('tamplate/header', null, true)
 3 APPPATH\Views\about.php(1): CodeIgniter\View\View->include('tamplate/header')
 4 SYSTEMPATH\View\View.php(213): include('C:\\xampp\\htdocs\\Pemograman_web2\\lab11_php_ci\\ci4\\app\\Views\\about.php')
 5 SYSTEMPATH\View\View.php(216): CodeIgniter\View\View->CodeIgniter\View\{closure}()
 6 SYSTEMPATH\Common.php(1184): CodeIgniter\View\View->render('about', [], true)
 7 APPPATH\Controllers\Page.php(10): view('about', [...])
 8 SYSTEMPATH\CodeIgniter.php(934): App\Controllers\Page->about()
 9 SYSTEMPATH\CodeIgniter.php(499): CodeIgniter\CodeIgniter->runController(Object(App\Controllers\Page))
10 SYSTEMPATH\CodeIgniter.php(368): CodeIgniter\CodeIgniter->handleRequest(null, Object(Config\Cache), false)
11 FCPATH\index.php(67): CodeIgniter\CodeIgniter->run()
12 SYSTEMPATH\Commands\Server\rewrite.php(47): require_once('C:\\xampp\\htdocs\\Pemograman_web2\\lab11_php_ci\\ci4\\public\\index.php')
CRITICAL - 2023-05-22 02:48:50 --> Invalid file: "tamplate/header.php"
in SYSTEMPATH\Exceptions\FrameworkException.php on line 33.
 1 SYSTEMPATH\View\View.php(201): CodeIgniter\Exceptions\FrameworkException::forInvalidFile('tamplate/header.php')
 2 SYSTEMPATH\View\View.php(431): CodeIgniter\View\View->render('tamplate/header', null, true)
 3 APPPATH\Views\about.php(1): CodeIgniter\View\View->include('tamplate/header')
 4 SYSTEMPATH\View\View.php(213): include('C:\\xampp\\htdocs\\Pemograman_web2\\lab11_php_ci\\ci4\\app\\Views\\about.php')
 5 SYSTEMPATH\View\View.php(216): CodeIgniter\View\View->CodeIgniter\View\{closure}()
 6 SYSTEMPATH\Common.php(1184): CodeIgniter\View\View->render('about', [], true)
 7 APPPATH\Controllers\Page.php(10): view('about', [...])
 8 SYSTEMPATH\CodeIgniter.php(934): App\Controllers\Page->about()
 9 SYSTEMPATH\CodeIgniter.php(499): CodeIgniter\CodeIgniter->runController(Object(App\Controllers\Page))
10 SYSTEMPATH\CodeIgniter.php(368): CodeIgniter\CodeIgniter->handleRequest(null, Object(Config\Cache), false)
11 FCPATH\index.php(67): CodeIgniter\CodeIgniter->run()
12 SYSTEMPATH\Commands\Server\rewrite.php(47): require_once('C:\\xampp\\htdocs\\Pemograman_web2\\lab11_php_ci\\ci4\\public\\index.php')
CRITICAL - 2023-05-22 03:10:47 --> Invalid file: "tamplate/header.php"
in SYSTEMPATH\Exceptions\FrameworkException.php on line 33.
 1 SYSTEMPATH\View\View.php(201): CodeIgniter\Exceptions\FrameworkException::forInvalidFile('tamplate/header.php')
 2 SYSTEMPATH\View\View.php(431): CodeIgniter\View\View->render('tamplate/header', null, true)
 3 APPPATH\Views\artikel.php(1): CodeIgniter\View\View->include('tamplate/header')
 4 SYSTEMPATH\View\View.php(213): include('C:\\xampp\\htdocs\\Pemograman_web2\\lab11_php_ci\\ci4\\app\\Views\\artikel.php')
 5 SYSTEMPATH\View\View.php(216): CodeIgniter\View\View->CodeIgniter\View\{closure}()
 6 SYSTEMPATH\Common.php(1184): CodeIgniter\View\View->render('artikel', [], true)
 7 APPPATH\Controllers\Page.php(22): view('artikel', [...])
 8 SYSTEMPATH\CodeIgniter.php(934): App\Controllers\Page->artikel()
 9 SYSTEMPATH\CodeIgniter.php(499): CodeIgniter\CodeIgniter->runController(Object(App\Controllers\Page))
10 SYSTEMPATH\CodeIgniter.php(368): CodeIgniter\CodeIgniter->handleRequest(null, Object(Config\Cache), false)
11 FCPATH\index.php(67): CodeIgniter\CodeIgniter->run()
12 SYSTEMPATH\Commands\Server\rewrite.php(47): require_once('C:\\xampp\\htdocs\\Pemograman_web2\\lab11_php_ci\\ci4\\public\\index.php')
CRITICAL - 2023-05-22 03:10:52 --> Invalid file: "tamplate/header.php"
in SYSTEMPATH\Exceptions\FrameworkException.php on line 33.
 1 SYSTEMPATH\View\View.php(201): CodeIgniter\Exceptions\FrameworkException::forInvalidFile('tamplate/header.php')
 2 SYSTEMPATH\View\View.php(431): CodeIgniter\View\View->render('tamplate/header', null, true)
 3 APPPATH\Views\artikel.php(1): CodeIgniter\View\View->include('tamplate/header')
 4 SYSTEMPATH\View\View.php(213): include('C:\\xampp\\htdocs\\Pemograman_web2\\lab11_php_ci\\ci4\\app\\Views\\artikel.php')
 5 SYSTEMPATH\View\View.php(216): CodeIgniter\View\View->CodeIgniter\View\{closure}()
 6 SYSTEMPATH\Common.php(1184): CodeIgniter\View\View->render('artikel', [], true)
 7 APPPATH\Controllers\Page.php(22): view('artikel', [...])
 8 SYSTEMPATH\CodeIgniter.php(934): App\Controllers\Page->artikel()
 9 SYSTEMPATH\CodeIgniter.php(499): CodeIgniter\CodeIgniter->runController(Object(App\Controllers\Page))
10 SYSTEMPATH\CodeIgniter.php(368): CodeIgniter\CodeIgniter->handleRequest(null, Object(Config\Cache), false)
11 FCPATH\index.php(67): CodeIgniter\CodeIgniter->run()
12 SYSTEMPATH\Commands\Server\rewrite.php(47): require_once('C:\\xampp\\htdocs\\Pemograman_web2\\lab11_php_ci\\ci4\\public\\index.php')
CRITICAL - 2023-05-22 03:11:28 --> Invalid file: "tamplate/header.php"
in SYSTEMPATH\Exceptions\FrameworkException.php on line 33.
 1 SYSTEMPATH\View\View.php(201): CodeIgniter\Exceptions\FrameworkException::forInvalidFile('tamplate/header.php')
 2 SYSTEMPATH\View\View.php(431): CodeIgniter\View\View->render('tamplate/header', null, true)
 3 APPPATH\Views\artikel.php(1): CodeIgniter\View\View->include('tamplate/header')
 4 SYSTEMPATH\View\View.php(213): include('C:\\xampp\\htdocs\\Pemograman_web2\\lab11_php_ci\\ci4\\app\\Views\\artikel.php')
 5 SYSTEMPATH\View\View.php(216): CodeIgniter\View\View->CodeIgniter\View\{closure}()
 6 SYSTEMPATH\Common.php(1184): CodeIgniter\View\View->render('artikel', [], true)
 7 APPPATH\Controllers\Page.php(24): view('artikel', [...])
 8 SYSTEMPATH\CodeIgniter.php(934): App\Controllers\Page->artikel()
 9 SYSTEMPATH\CodeIgniter.php(499): CodeIgniter\CodeIgniter->runController(Object(App\Controllers\Page))
10 SYSTEMPATH\CodeIgniter.php(368): CodeIgniter\CodeIgniter->handleRequest(null, Object(Config\Cache), false)
11 FCPATH\index.php(67): CodeIgniter\CodeIgniter->run()
12 SYSTEMPATH\Commands\Server\rewrite.php(47): require_once('C:\\xampp\\htdocs\\Pemograman_web2\\lab11_php_ci\\ci4\\public\\index.php')
CRITICAL - 2023-05-22 03:11:29 --> Invalid file: "tamplate/header.php"
in SYSTEMPATH\Exceptions\FrameworkException.php on line 33.
 1 SYSTEMPATH\View\View.php(201): CodeIgniter\Exceptions\FrameworkException::forInvalidFile('tamplate/header.php')
 2 SYSTEMPATH\View\View.php(431): CodeIgniter\View\View->render('tamplate/header', null, true)
 3 APPPATH\Views\artikel.php(1): CodeIgniter\View\View->include('tamplate/header')
 4 SYSTEMPATH\View\View.php(213): include('C:\\xampp\\htdocs\\Pemograman_web2\\lab11_php_ci\\ci4\\app\\Views\\artikel.php')
 5 SYSTEMPATH\View\View.php(216): CodeIgniter\View\View->CodeIgniter\View\{closure}()
 6 SYSTEMPATH\Common.php(1184): CodeIgniter\View\View->render('artikel', [], true)
 7 APPPATH\Controllers\Page.php(24): view('artikel', [...])
 8 SYSTEMPATH\CodeIgniter.php(934): App\Controllers\Page->artikel()
 9 SYSTEMPATH\CodeIgniter.php(499): CodeIgniter\CodeIgniter->runController(Object(App\Controllers\Page))
10 SYSTEMPATH\CodeIgniter.php(368): CodeIgniter\CodeIgniter->handleRequest(null, Object(Config\Cache), false)
11 FCPATH\index.php(67): CodeIgniter\CodeIgniter->run()
12 SYSTEMPATH\Commands\Server\rewrite.php(47): require_once('C:\\xampp\\htdocs\\Pemograman_web2\\lab11_php_ci\\ci4\\public\\index.php')
CRITICAL - 2023-05-22 03:11:30 --> Invalid file: "tamplate/header.php"
in SYSTEMPATH\Exceptions\FrameworkException.php on line 33.
 1 SYSTEMPATH\View\View.php(201): CodeIgniter\Exceptions\FrameworkException::forInvalidFile('tamplate/header.php')
 2 SYSTEMPATH\View\View.php(431): CodeIgniter\View\View->render('tamplate/header', null, true)
 3 APPPATH\Views\artikel.php(1): CodeIgniter\View\View->include('tamplate/header')
 4 SYSTEMPATH\View\View.php(213): include('C:\\xampp\\htdocs\\Pemograman_web2\\lab11_php_ci\\ci4\\app\\Views\\artikel.php')
 5 SYSTEMPATH\View\View.php(216): CodeIgniter\View\View->CodeIgniter\View\{closure}()
 6 SYSTEMPATH\Common.php(1184): CodeIgniter\View\View->render('artikel', [], true)
 7 APPPATH\Controllers\Page.php(24): view('artikel', [...])
 8 SYSTEMPATH\CodeIgniter.php(934): App\Controllers\Page->artikel()
 9 SYSTEMPATH\CodeIgniter.php(499): CodeIgniter\CodeIgniter->runController(Object(App\Controllers\Page))
10 SYSTEMPATH\CodeIgniter.php(368): CodeIgniter\CodeIgniter->handleRequest(null, Object(Config\Cache), false)
11 FCPATH\index.php(67): CodeIgniter\CodeIgniter->run()
12 SYSTEMPATH\Commands\Server\rewrite.php(47): require_once('C:\\xampp\\htdocs\\Pemograman_web2\\lab11_php_ci\\ci4\\public\\index.php')
CRITICAL - 2023-05-22 03:11:30 --> Invalid file: "tamplate/header.php"
in SYSTEMPATH\Exceptions\FrameworkException.php on line 33.
 1 SYSTEMPATH\View\View.php(201): CodeIgniter\Exceptions\FrameworkException::forInvalidFile('tamplate/header.php')
 2 SYSTEMPATH\View\View.php(431): CodeIgniter\View\View->render('tamplate/header', null, true)
 3 APPPATH\Views\artikel.php(1): CodeIgniter\View\View->include('tamplate/header')
 4 SYSTEMPATH\View\View.php(213): include('C:\\xampp\\htdocs\\Pemograman_web2\\lab11_php_ci\\ci4\\app\\Views\\artikel.php')
 5 SYSTEMPATH\View\View.php(216): CodeIgniter\View\View->CodeIgniter\View\{closure}()
 6 SYSTEMPATH\Common.php(1184): CodeIgniter\View\View->render('artikel', [], true)
 7 APPPATH\Controllers\Page.php(24): view('artikel', [...])
 8 SYSTEMPATH\CodeIgniter.php(934): App\Controllers\Page->artikel()
 9 SYSTEMPATH\CodeIgniter.php(499): CodeIgniter\CodeIgniter->runController(Object(App\Controllers\Page))
10 SYSTEMPATH\CodeIgniter.php(368): CodeIgniter\CodeIgniter->handleRequest(null, Object(Config\Cache), false)
11 FCPATH\index.php(67): CodeIgniter\CodeIgniter->run()
12 SYSTEMPATH\Commands\Server\rewrite.php(47): require_once('C:\\xampp\\htdocs\\Pemograman_web2\\lab11_php_ci\\ci4\\public\\index.php')
CRITICAL - 2023-05-22 03:11:30 --> Invalid file: "tamplate/header.php"
in SYSTEMPATH\Exceptions\FrameworkException.php on line 33.
 1 SYSTEMPATH\View\View.php(201): CodeIgniter\Exceptions\FrameworkException::forInvalidFile('tamplate/header.php')
 2 SYSTEMPATH\View\View.php(431): CodeIgniter\View\View->render('tamplate/header', null, true)
 3 APPPATH\Views\artikel.php(1): CodeIgniter\View\View->include('tamplate/header')
 4 SYSTEMPATH\View\View.php(213): include('C:\\xampp\\htdocs\\Pemograman_web2\\lab11_php_ci\\ci4\\app\\Views\\artikel.php')
 5 SYSTEMPATH\View\View.php(216): CodeIgniter\View\View->CodeIgniter\View\{closure}()
 6 SYSTEMPATH\Common.php(1184): CodeIgniter\View\View->render('artikel', [], true)
 7 APPPATH\Controllers\Page.php(24): view('artikel', [...])
 8 SYSTEMPATH\CodeIgniter.php(934): App\Controllers\Page->artikel()
 9 SYSTEMPATH\CodeIgniter.php(499): CodeIgniter\CodeIgniter->runController(Object(App\Controllers\Page))
10 SYSTEMPATH\CodeIgniter.php(368): CodeIgniter\CodeIgniter->handleRequest(null, Object(Config\Cache), false)
11 FCPATH\index.php(67): CodeIgniter\CodeIgniter->run()
12 SYSTEMPATH\Commands\Server\rewrite.php(47): require_once('C:\\xampp\\htdocs\\Pemograman_web2\\lab11_php_ci\\ci4\\public\\index.php')
CRITICAL - 2023-05-22 03:11:30 --> Invalid file: "tamplate/header.php"
in SYSTEMPATH\Exceptions\FrameworkException.php on line 33.
 1 SYSTEMPATH\View\View.php(201): CodeIgniter\Exceptions\FrameworkException::forInvalidFile('tamplate/header.php')
 2 SYSTEMPATH\View\View.php(431): CodeIgniter\View\View->render('tamplate/header', null, true)
 3 APPPATH\Views\artikel.php(1): CodeIgniter\View\View->include('tamplate/header')
 4 SYSTEMPATH\View\View.php(213): include('C:\\xampp\\htdocs\\Pemograman_web2\\lab11_php_ci\\ci4\\app\\Views\\artikel.php')
 5 SYSTEMPATH\View\View.php(216): CodeIgniter\View\View->CodeIgniter\View\{closure}()
 6 SYSTEMPATH\Common.php(1184): CodeIgniter\View\View->render('artikel', [], true)
 7 APPPATH\Controllers\Page.php(24): view('artikel', [...])
 8 SYSTEMPATH\CodeIgniter.php(934): App\Controllers\Page->artikel()
 9 SYSTEMPATH\CodeIgniter.php(499): CodeIgniter\CodeIgniter->runController(Object(App\Controllers\Page))
10 SYSTEMPATH\CodeIgniter.php(368): CodeIgniter\CodeIgniter->handleRequest(null, Object(Config\Cache), false)
11 FCPATH\index.php(67): CodeIgniter\CodeIgniter->run()
12 SYSTEMPATH\Commands\Server\rewrite.php(47): require_once('C:\\xampp\\htdocs\\Pemograman_web2\\lab11_php_ci\\ci4\\public\\index.php')
CRITICAL - 2023-05-22 03:11:31 --> Invalid file: "tamplate/header.php"
in SYSTEMPATH\Exceptions\FrameworkException.php on line 33.
 1 SYSTEMPATH\View\View.php(201): CodeIgniter\Exceptions\FrameworkException::forInvalidFile('tamplate/header.php')
 2 SYSTEMPATH\View\View.php(431): CodeIgniter\View\View->render('tamplate/header', null, true)
 3 APPPATH\Views\artikel.php(1): CodeIgniter\View\View->include('tamplate/header')
 4 SYSTEMPATH\View\View.php(213): include('C:\\xampp\\htdocs\\Pemograman_web2\\lab11_php_ci\\ci4\\app\\Views\\artikel.php')
 5 SYSTEMPATH\View\View.php(216): CodeIgniter\View\View->CodeIgniter\View\{closure}()
 6 SYSTEMPATH\Common.php(1184): CodeIgniter\View\View->render('artikel', [], true)
 7 APPPATH\Controllers\Page.php(24): view('artikel', [...])
 8 SYSTEMPATH\CodeIgniter.php(934): App\Controllers\Page->artikel()
 9 SYSTEMPATH\CodeIgniter.php(499): CodeIgniter\CodeIgniter->runController(Object(App\Controllers\Page))
10 SYSTEMPATH\CodeIgniter.php(368): CodeIgniter\CodeIgniter->handleRequest(null, Object(Config\Cache), false)
11 FCPATH\index.php(67): CodeIgniter\CodeIgniter->run()
12 SYSTEMPATH\Commands\Server\rewrite.php(47): require_once('C:\\xampp\\htdocs\\Pemograman_web2\\lab11_php_ci\\ci4\\public\\index.php')
CRITICAL - 2023-05-22 03:11:31 --> Invalid file: "tamplate/header.php"
in SYSTEMPATH\Exceptions\FrameworkException.php on line 33.
 1 SYSTEMPATH\View\View.php(201): CodeIgniter\Exceptions\FrameworkException::forInvalidFile('tamplate/header.php')
 2 SYSTEMPATH\View\View.php(431): CodeIgniter\View\View->render('tamplate/header', null, true)
 3 APPPATH\Views\artikel.php(1): CodeIgniter\View\View->include('tamplate/header')
 4 SYSTEMPATH\View\View.php(213): include('C:\\xampp\\htdocs\\Pemograman_web2\\lab11_php_ci\\ci4\\app\\Views\\artikel.php')
 5 SYSTEMPATH\View\View.php(216): CodeIgniter\View\View->CodeIgniter\View\{closure}()
 6 SYSTEMPATH\Common.php(1184): CodeIgniter\View\View->render('artikel', [], true)
 7 APPPATH\Controllers\Page.php(24): view('artikel', [...])
 8 SYSTEMPATH\CodeIgniter.php(934): App\Controllers\Page->artikel()
 9 SYSTEMPATH\CodeIgniter.php(499): CodeIgniter\CodeIgniter->runController(Object(App\Controllers\Page))
10 SYSTEMPATH\CodeIgniter.php(368): CodeIgniter\CodeIgniter->handleRequest(null, Object(Config\Cache), false)
11 FCPATH\index.php(67): CodeIgniter\CodeIgniter->run()
12 SYSTEMPATH\Commands\Server\rewrite.php(47): require_once('C:\\xampp\\htdocs\\Pemograman_web2\\lab11_php_ci\\ci4\\public\\index.php')
CRITICAL - 2023-05-22 03:11:31 --> Invalid file: "tamplate/header.php"
in SYSTEMPATH\Exceptions\FrameworkException.php on line 33.
 1 SYSTEMPATH\View\View.php(201): CodeIgniter\Exceptions\FrameworkException::forInvalidFile('tamplate/header.php')
 2 SYSTEMPATH\View\View.php(431): CodeIgniter\View\View->render('tamplate/header', null, true)
 3 APPPATH\Views\artikel.php(1): CodeIgniter\View\View->include('tamplate/header')
 4 SYSTEMPATH\View\View.php(213): include('C:\\xampp\\htdocs\\Pemograman_web2\\lab11_php_ci\\ci4\\app\\Views\\artikel.php')
 5 SYSTEMPATH\View\View.php(216): CodeIgniter\View\View->CodeIgniter\View\{closure}()
 6 SYSTEMPATH\Common.php(1184): CodeIgniter\View\View->render('artikel', [], true)
 7 APPPATH\Controllers\Page.php(24): view('artikel', [...])
 8 SYSTEMPATH\CodeIgniter.php(934): App\Controllers\Page->artikel()
 9 SYSTEMPATH\CodeIgniter.php(499): CodeIgniter\CodeIgniter->runController(Object(App\Controllers\Page))
10 SYSTEMPATH\CodeIgniter.php(368): CodeIgniter\CodeIgniter->handleRequest(null, Object(Config\Cache), false)
11 FCPATH\index.php(67): CodeIgniter\CodeIgniter->run()
12 SYSTEMPATH\Commands\Server\rewrite.php(47): require_once('C:\\xampp\\htdocs\\Pemograman_web2\\lab11_php_ci\\ci4\\public\\index.php')
CRITICAL - 2023-05-22 03:11:31 --> Invalid file: "tamplate/header.php"
in SYSTEMPATH\Exceptions\FrameworkException.php on line 33.
 1 SYSTEMPATH\View\View.php(201): CodeIgniter\Exceptions\FrameworkException::forInvalidFile('tamplate/header.php')
 2 SYSTEMPATH\View\View.php(431): CodeIgniter\View\View->render('tamplate/header', null, true)
 3 APPPATH\Views\artikel.php(1): CodeIgniter\View\View->include('tamplate/header')
 4 SYSTEMPATH\View\View.php(213): include('C:\\xampp\\htdocs\\Pemograman_web2\\lab11_php_ci\\ci4\\app\\Views\\artikel.php')
 5 SYSTEMPATH\View\View.php(216): CodeIgniter\View\View->CodeIgniter\View\{closure}()
 6 SYSTEMPATH\Common.php(1184): CodeIgniter\View\View->render('artikel', [], true)
 7 APPPATH\Controllers\Page.php(24): view('artikel', [...])
 8 SYSTEMPATH\CodeIgniter.php(934): App\Controllers\Page->artikel()
 9 SYSTEMPATH\CodeIgniter.php(499): CodeIgniter\CodeIgniter->runController(Object(App\Controllers\Page))
10 SYSTEMPATH\CodeIgniter.php(368): CodeIgniter\CodeIgniter->handleRequest(null, Object(Config\Cache), false)
11 FCPATH\index.php(67): CodeIgniter\CodeIgniter->run()
12 SYSTEMPATH\Commands\Server\rewrite.php(47): require_once('C:\\xampp\\htdocs\\Pemograman_web2\\lab11_php_ci\\ci4\\public\\index.php')
CRITICAL - 2023-05-22 03:11:31 --> Invalid file: "tamplate/header.php"
in SYSTEMPATH\Exceptions\FrameworkException.php on line 33.
 1 SYSTEMPATH\View\View.php(201): CodeIgniter\Exceptions\FrameworkException::forInvalidFile('tamplate/header.php')
 2 SYSTEMPATH\View\View.php(431): CodeIgniter\View\View->render('tamplate/header', null, true)
 3 APPPATH\Views\artikel.php(1): CodeIgniter\View\View->include('tamplate/header')
 4 SYSTEMPATH\View\View.php(213): include('C:\\xampp\\htdocs\\Pemograman_web2\\lab11_php_ci\\ci4\\app\\Views\\artikel.php')
 5 SYSTEMPATH\View\View.php(216): CodeIgniter\View\View->CodeIgniter\View\{closure}()
 6 SYSTEMPATH\Common.php(1184): CodeIgniter\View\View->render('artikel', [], true)
 7 APPPATH\Controllers\Page.php(24): view('artikel', [...])
 8 SYSTEMPATH\CodeIgniter.php(934): App\Controllers\Page->artikel()
 9 SYSTEMPATH\CodeIgniter.php(499): CodeIgniter\CodeIgniter->runController(Object(App\Controllers\Page))
10 SYSTEMPATH\CodeIgniter.php(368): CodeIgniter\CodeIgniter->handleRequest(null, Object(Config\Cache), false)
11 FCPATH\index.php(67): CodeIgniter\CodeIgniter->run()
12 SYSTEMPATH\Commands\Server\rewrite.php(47): require_once('C:\\xampp\\htdocs\\Pemograman_web2\\lab11_php_ci\\ci4\\public\\index.php')
CRITICAL - 2023-05-22 03:11:42 --> Invalid file: "tamplate/header.php"
in SYSTEMPATH\Exceptions\FrameworkException.php on line 33.
 1 SYSTEMPATH\View\View.php(201): CodeIgniter\Exceptions\FrameworkException::forInvalidFile('tamplate/header.php')
 2 SYSTEMPATH\View\View.php(431): CodeIgniter\View\View->render('tamplate/header', null, true)
 3 APPPATH\Views\artikel.php(1): CodeIgniter\View\View->include('tamplate/header')
 4 SYSTEMPATH\View\View.php(213): include('C:\\xampp\\htdocs\\Pemograman_web2\\lab11_php_ci\\ci4\\app\\Views\\artikel.php')
 5 SYSTEMPATH\View\View.php(216): CodeIgniter\View\View->CodeIgniter\View\{closure}()
 6 SYSTEMPATH\Common.php(1184): CodeIgniter\View\View->render('artikel', [], true)
 7 APPPATH\Controllers\Page.php(24): view('artikel', [...])
 8 SYSTEMPATH\CodeIgniter.php(934): App\Controllers\Page->artikel()
 9 SYSTEMPATH\CodeIgniter.php(499): CodeIgniter\CodeIgniter->runController(Object(App\Controllers\Page))
10 SYSTEMPATH\CodeIgniter.php(368): CodeIgniter\CodeIgniter->handleRequest(null, Object(Config\Cache), false)
11 FCPATH\index.php(67): CodeIgniter\CodeIgniter->run()
12 SYSTEMPATH\Commands\Server\rewrite.php(47): require_once('C:\\xampp\\htdocs\\Pemograman_web2\\lab11_php_ci\\ci4\\public\\index.php')
CRITICAL - 2023-05-22 06:59:38 --> Invalid file: "contact.php"
in SYSTEMPATH\Exceptions\FrameworkException.php on line 33.
 1 SYSTEMPATH\View\View.php(201): CodeIgniter\Exceptions\FrameworkException::forInvalidFile('contact.php')
 2 SYSTEMPATH\Common.php(1184): CodeIgniter\View\View->render('contact', [], true)
 3 APPPATH\Controllers\Page.php(18): view('contact', [...])
 4 SYSTEMPATH\CodeIgniter.php(934): App\Controllers\Page->contact()
 5 SYSTEMPATH\CodeIgniter.php(499): CodeIgniter\CodeIgniter->runController(Object(App\Controllers\Page))
 6 SYSTEMPATH\CodeIgniter.php(368): CodeIgniter\CodeIgniter->handleRequest(null, Object(Config\Cache), false)
 7 FCPATH\index.php(67): CodeIgniter\CodeIgniter->run()
 8 SYSTEMPATH\Commands\Server\rewrite.php(47): require_once('C:\\xampp\\htdocs\\Pemograman_web2\\lab11_php_ci\\ci4\\public\\index.php')
CRITICAL - 2023-05-22 07:03:19 --> Invalid file: "contact.php"
in SYSTEMPATH\Exceptions\FrameworkException.php on line 33.
 1 SYSTEMPATH\View\View.php(201): CodeIgniter\Exceptions\FrameworkException::forInvalidFile('contact.php')
 2 SYSTEMPATH\Common.php(1184): CodeIgniter\View\View->render('contact', [], true)
 3 APPPATH\Controllers\Page.php(18): view('contact', [...])
 4 SYSTEMPATH\CodeIgniter.php(934): App\Controllers\Page->contact()
 5 SYSTEMPATH\CodeIgniter.php(499): CodeIgniter\CodeIgniter->runController(Object(App\Controllers\Page))
 6 SYSTEMPATH\CodeIgniter.php(368): CodeIgniter\CodeIgniter->handleRequest(null, Object(Config\Cache), false)
 7 FCPATH\index.php(67): CodeIgniter\CodeIgniter->run()
 8 SYSTEMPATH\Commands\Server\rewrite.php(47): require_once('C:\\xampp\\htdocs\\Pemograman_web2\\lab11_php_ci\\ci4\\public\\index.php')
CRITICAL - 2023-05-22 07:03:21 --> Invalid file: "contact.php"
in SYSTEMPATH\Exceptions\FrameworkException.php on line 33.
 1 SYSTEMPATH\View\View.php(201): CodeIgniter\Exceptions\FrameworkException::forInvalidFile('contact.php')
 2 SYSTEMPATH\Common.php(1184): CodeIgniter\View\View->render('contact', [], true)
 3 APPPATH\Controllers\Page.php(18): view('contact', [...])
 4 SYSTEMPATH\CodeIgniter.php(934): App\Controllers\Page->contact()
 5 SYSTEMPATH\CodeIgniter.php(499): CodeIgniter\CodeIgniter->runController(Object(App\Controllers\Page))
 6 SYSTEMPATH\CodeIgniter.php(368): CodeIgniter\CodeIgniter->handleRequest(null, Object(Config\Cache), false)
 7 FCPATH\index.php(67): CodeIgniter\CodeIgniter->run()
 8 SYSTEMPATH\Commands\Server\rewrite.php(47): require_once('C:\\xampp\\htdocs\\Pemograman_web2\\lab11_php_ci\\ci4\\public\\index.php')
